d:\prostate\project_0528\code\puncture\source\calibrate\x64\debug\calibrated.pch
d:\prostate\project_0528\code\puncture\source\calibrate\x64\debug\vc141.pdb
d:\prostate\project_0528\code\puncture\source\calibrate\x64\debug\vc141.idb
d:\prostate\project_0528\code\puncture\source\calibrate\x64\debug\pch.obj
d:\prostate\project_0528\code\puncture\source\calibrate\x64\debug\cusimgwnd.obj
d:\prostate\project_0528\code\puncture\source\calibrate\x64\debug\calibratedlg.obj
d:\prostate\project_0528\code\puncture\source\calibrate\x64\debug\calibrate.obj
d:\prostate\project_0528\code\puncture\output\x64\debug\calibrated.exe
d:\prostate\project_0528\code\puncture\output\x64\debug\calibrated.ilk
d:\prostate\project_0528\code\puncture\output\x64\debug\calibrated.pdb
d:\prostate\project_0528\code\puncture\source\calibrate\x64\debug\calibrate.res
d:\prostate\project_0528\code\puncture\source\calibrate\x64\debug\calibrate.tlog\cl.command.1.tlog
d:\prostate\project_0528\code\puncture\source\calibrate\x64\debug\calibrate.tlog\cl.read.1.tlog
d:\prostate\project_0528\code\puncture\source\calibrate\x64\debug\calibrate.tlog\cl.write.1.tlog
d:\prostate\project_0528\code\puncture\source\calibrate\x64\debug\calibrate.tlog\link.command.1.tlog
d:\prostate\project_0528\code\puncture\source\calibrate\x64\debug\calibrate.tlog\link.read.1.tlog
d:\prostate\project_0528\code\puncture\source\calibrate\x64\debug\calibrate.tlog\link.write.1.tlog
d:\prostate\project_0528\code\puncture\source\calibrate\x64\debug\calibrate.tlog\rc.command.1.tlog
d:\prostate\project_0528\code\puncture\source\calibrate\x64\debug\calibrate.tlog\rc.read.1.tlog
d:\prostate\project_0528\code\puncture\source\calibrate\x64\debug\calibrate.tlog\rc.write.1.tlog
